# JRE version: Java(TM) SE Runtime Environment (8.0_101-b13) (build 1.8.0_101-b13)
# Java VM: Java HotSpot(TM) 64-Bit Server VM (25.101-b13 mixed mode windows-amd64 compressed oops)
Heap:
 PSYoungGen      total 225280K, used 20487K [0x00000000d5e00000, 0x00000000e5a80000, 0x0000000100000000)
  eden space 192000K, 0% used [0x00000000d5e00000,0x00000000d5e00000,0x00000000e1980000)
  from space 33280K, 61% used [0x00000000e3a00000,0x00000000e4e01d10,0x00000000e5a80000)
  to   space 33280K, 0% used [0x00000000e1980000,0x00000000e1980000,0x00000000e3a00000)
 ParOldGen       total 69120K, used 48223K [0x0000000081a00000, 0x0000000085d80000, 0x00000000d5e00000)
  object space 69120K, 69% used [0x0000000081a00000,0x0000000084917e80,0x0000000085d80000)
 Metaspace       used 28590K, capacity 29226K, committed 29568K, reserved 1075200K
  class space    used 3403K, capacity 3625K, committed 3712K, reserved 1048576K
GC Heap History (10 events):
Event: 3.310 GC heap before
{Heap before GC invocations=6 (full 1):
 PSYoungGen      total 71680K, used 5088K [0x00000000d5e00000, 0x00000000df500000, 0x0000000100000000)
  eden space 66560K, 0% used [0x00000000d5e00000,0x00000000d5e00000,0x00000000d9f00000)
  from space 5120K, 99% used [0x00000000d9f00000,0x00000000da3f8020,0x00000000da400000)
  to   space 10752K, 0% used [0x00000000dea80000,0x00000000dea80000,0x00000000df500000)
 ParOldGen       total 87552K, used 12775K [0x0000000081a00000, 0x0000000086f80000, 0x00000000d5e00000)
  object space 87552K, 14% used [0x0000000081a00000,0x0000000082679cb8,0x0000000086f80000)
 Metaspace       used 20686K, capacity 21158K, committed 21296K, reserved 1069056K
  class space    used 2506K, capacity 2621K, committed 2688K, reserved 1048576K
Event: 3.388 GC heap after
Heap after GC invocations=6 (full 1):
 PSYoungGen      total 71680K, used 0K [0x00000000d5e00000, 0x00000000df500000, 0x0000000100000000)
  eden space 66560K, 0% used [0x00000000d5e00000,0x00000000d5e00000,0x00000000d9f00000)
  from space 5120K, 0% used [0x00000000d9f00000,0x00000000d9f00000,0x00000000da400000)
  to   space 10752K, 0% used [0x00000000dea80000,0x00000000dea80000,0x00000000df500000)
 ParOldGen       total 69120K, used 12230K [0x0000000081a00000, 0x0000000085d80000, 0x00000000d5e00000)
  object space 69120K, 17% used [0x0000000081a00000,0x00000000825f1ae8,0x0000000085d80000)
 Metaspace       used 20686K, capacity 21158K, committed 21296K, reserved 1069056K
  class space    used 2506K, capacity 2621K, committed 2688K, reserved 1048576K
}
Event: 4.923 GC heap before
{Heap before GC invocations=7 (full 1):
 PSYoungGen      total 71680K, used 66560K [0x00000000d5e00000, 0x00000000df500000, 0x0000000100000000)
  eden space 66560K, 100% used [0x00000000d5e00000,0x00000000d9f00000,0x00000000d9f00000)
  from space 5120K, 0% used [0x00000000d9f00000,0x00000000d9f00000,0x00000000da400000)
  to   space 10752K, 0% used [0x00000000dea80000,0x00000000dea80000,0x00000000df500000)
 ParOldGen       total 69120K, used 12230K [0x0000000081a00000, 0x0000000085d80000, 0x00000000d5e00000)
  object space 69120K, 17% used [0x0000000081a00000,0x00000000825f1ae8,0x0000000085d80000)
 Metaspace       used 26732K, capacity 27314K, committed 27520K, reserved 1073152K
  class space    used 3212K, capacity 3385K, committed 3456K, reserved 1048576K
Event: 4.945 GC heap after
Heap after GC invocations=7 (full 1):
 PSYoungGen      total 107520K, used 10726K [0x00000000d5e00000, 0x00000000df500000, 0x0000000100000000)
  eden space 96768K, 0% used [0x00000000d5e00000,0x00000000d5e00000,0x00000000dbc80000)
  from space 10752K, 99% used [0x00000000dea80000,0x00000000df4f9b58,0x00000000df500000)
  to   space 13312K, 0% used [0x00000000ddb00000,0x00000000ddb00000,0x00000000de800000)
 ParOldGen       total 69120K, used 14890K [0x0000000081a00000, 0x0000000085d80000, 0x00000000d5e00000)
  object space 69120K, 21% used [0x0000000081a00000,0x000000008288aa30,0x0000000085d80000)
 Metaspace       used 26732K, capacity 27314K, committed 27520K, reserved 1073152K
  class space    used 3212K, capacity 3385K, committed 3456K, reserved 1048576K
}
Event: 5.906 GC heap before
{Heap before GC invocations=8 (full 1):
 PSYoungGen      total 107520K, used 107494K [0x00000000d5e00000, 0x00000000df500000, 0x0000000100000000)
  eden space 96768K, 100% used [0x00000000d5e00000,0x00000000dbc80000,0x00000000dbc80000)
  from space 10752K, 99% used [0x00000000dea80000,0x00000000df4f9b58,0x00000000df500000)
  to   space 13312K, 0% used [0x00000000ddb00000,0x00000000ddb00000,0x00000000de800000)
 ParOldGen       total 69120K, used 14890K [0x0000000081a00000, 0x0000000085d80000, 0x00000000d5e00000)
  object space 69120K, 21% used [0x0000000081a00000,0x000000008288aa30,0x0000000085d80000)
 Metaspace       used 28545K, capacity 29216K, committed 29568K, reserved 1075200K
  class space    used 3399K, capacity 3623K, committed 3712K, reserved 1048576K
Event: 5.945 GC heap after
Heap after GC invocations=8 (full 1):
 PSYoungGen      total 141312K, used 13282K [0x00000000d5e00000, 0x00000000e1680000, 0x0000000100000000)
  eden space 128000K, 0% used [0x00000000d5e00000,0x00000000d5e00000,0x00000000ddb00000)
  from space 13312K, 99% used [0x00000000ddb00000,0x00000000de7f8b08,0x00000000de800000)
  to   space 21504K, 0% used [0x00000000e0180000,0x00000000e0180000,0x00000000e1680000)
 ParOldGen       total 69120K, used 28060K [0x0000000081a00000, 0x0000000085d80000, 0x00000000d5e00000)
  object space 69120K, 40% used [0x0000000081a00000,0x0000000083567108,0x0000000085d80000)
 Metaspace       used 28545K, capacity 29216K, committed 29568K, reserved 1075200K
  class space    used 3399K, capacity 3623K, committed 3712K, reserved 1048576K
}
Event: 6.534 GC heap before
{Heap before GC invocations=9 (full 1):
 PSYoungGen      total 141312K, used 141282K [0x00000000d5e00000, 0x00000000e1680000, 0x0000000100000000)
  eden space 128000K, 100% used [0x00000000d5e00000,0x00000000ddb00000,0x00000000ddb00000)
  from space 13312K, 99% used [0x00000000ddb00000,0x00000000de7f8b08,0x00000000de800000)
  to   space 21504K, 0% used [0x00000000e0180000,0x00000000e0180000,0x00000000e1680000)
 ParOldGen       total 69120K, used 28060K [0x0000000081a00000, 0x0000000085d80000, 0x00000000d5e00000)
  object space 69120K, 40% used [0x0000000081a00000,0x0000000083567108,0x0000000085d80000)
 Metaspace       used 28556K, capacity 29216K, committed 29568K, reserved 1075200K
  class space    used 3399K, capacity 3623K, committed 3712K, reserved 1048576K
Event: 6.573 GC heap after
Heap after GC invocations=9 (full 1):
 PSYoungGen      total 160256K, used 21477K [0x00000000d5e00000, 0x00000000e5d00000, 0x0000000100000000)
  eden space 138752K, 0% used [0x00000000d5e00000,0x00000000d5e00000,0x00000000de580000)
  from space 21504K, 99% used [0x00000000e0180000,0x00000000e1679670,0x00000000e1680000)
  to   space 28672K, 0% used [0x00000000de580000,0x00000000de580000,0x00000000e0180000)
 ParOldGen       total 69120K, used 36508K [0x0000000081a00000, 0x0000000085d80000, 0x00000000d5e00000)
  object space 69120K, 52% used [0x0000000081a00000,0x0000000083da7148,0x0000000085d80000)
 Metaspace       used 28556K, capacity 29216K, committed 29568K, reserved 1075200K
  class space    used 3399K, capacity 3623K, committed 3712K, reserved 1048576K
}
Event: 7.062 GC heap before
{Heap before GC invocations=10 (full 1):
 PSYoungGen      total 160256K, used 160229K [0x00000000d5e00000, 0x00000000e5d00000, 0x0000000100000000)
  eden space 138752K, 100% used [0x00000000d5e00000,0x00000000de580000,0x00000000de580000)
  from space 21504K, 99% used [0x00000000e0180000,0x00000000e1679670,0x00000000e1680000)
  to   space 28672K, 0% used [0x00000000de580000,0x00000000de580000,0x00000000e0180000)
 ParOldGen       total 69120K, used 36508K [0x0000000081a00000, 0x0000000085d80000, 0x00000000d5e00000)
  object space 69120K, 52% used [0x0000000081a00000,0x0000000083da7148,0x0000000085d80000)
 Metaspace       used 28558K, capacity 29216K, committed 29568K, reserved 1075200K
  class space    used 3399K, capacity 3623K, committed 3712K, reserved 1048576K
Event: 7.095 GC heap after
Heap after GC invocations=10 (full 1):
 PSYoungGen      total 167424K, used 28388K [0x00000000d5e00000, 0x00000000e5a80000, 0x0000000100000000)
  eden space 138752K, 0% used [0x00000000d5e00000,0x00000000d5e00000,0x00000000de580000)
  from space 28672K, 99% used [0x00000000de580000,0x00000000e0139118,0x00000000e0180000)
  to   space 33280K, 0% used [0x00000000e3a00000,0x00000000e3a00000,0x00000000e5a80000)
 ParOldGen       total 69120K, used 43599K [0x0000000081a00000, 0x0000000085d80000, 0x00000000d5e00000)
  object space 69120K, 63% used [0x0000000081a00000,0x0000000084493fd0,0x0000000085d80000)
 Metaspace       used 28558K, capacity 29216K, committed 29568K, reserved 1075200K
  class space    used 3399K, capacity 3623K, committed 3712K, reserved 1048576K
}

