# JRE version: Java(TM) SE Runtime Environment (8.0_101-b13) (build 1.8.0_101-b13)
# Java VM: Java HotSpot(TM) 64-Bit Server VM (25.101-b13 mixed mode windows-amd64 compressed oops)
Heap:
 PSYoungGen      total 137216K, used 66784K [0x00000000d5e00000, 0x00000000e4880000, 0x0000000100000000)
  eden space 116224K, 39% used [0x00000000d5e00000,0x00000000d8ab9418,0x00000000dcf80000)
  from space 20992K, 99% used [0x00000000deb00000,0x00000000dff7ed60,0x00000000dff80000)
  to   space 28160K, 0% used [0x00000000dcf80000,0x00000000dcf80000,0x00000000deb00000)
 ParOldGen       total 73216K, used 34982K [0x0000000081a00000, 0x0000000086180000, 0x00000000d5e00000)
  object space 73216K, 47% used [0x0000000081a00000,0x0000000083c29888,0x0000000086180000)
 Metaspace       used 28756K, capacity 29408K, committed 29696K, reserved 1075200K
  class space    used 3392K, capacity 3559K, committed 3584K, reserved 1048576K
GC Heap History (10 events):
Event: 4.460 GC heap before
{Heap before GC invocations=5 (full 0):
 PSYoungGen      total 71680K, used 59533K [0x00000000d5e00000, 0x00000000da900000, 0x0000000100000000)
  eden space 66560K, 81% used [0x00000000d5e00000,0x00000000d9327790,0x00000000d9f00000)
  from space 5120K, 99% used [0x00000000da400000,0x00000000da8fc030,0x00000000da900000)
  to   space 5120K, 0% used [0x00000000d9f00000,0x00000000d9f00000,0x00000000da400000)
 ParOldGen       total 87552K, used 8211K [0x0000000081a00000, 0x0000000086f80000, 0x00000000d5e00000)
  object space 87552K, 9% used [0x0000000081a00000,0x0000000082204d00,0x0000000086f80000)
 Metaspace       used 20641K, capacity 21062K, committed 21296K, reserved 1069056K
  class space    used 2486K, capacity 2589K, committed 2688K, reserved 1048576K
Event: 4.485 GC heap after
Heap after GC invocations=5 (full 0):
 PSYoungGen      total 71680K, used 5088K [0x00000000d5e00000, 0x00000000df500000, 0x0000000100000000)
  eden space 66560K, 0% used [0x00000000d5e00000,0x00000000d5e00000,0x00000000d9f00000)
  from space 5120K, 99% used [0x00000000d9f00000,0x00000000da3f8020,0x00000000da400000)
  to   space 10752K, 0% used [0x00000000dea80000,0x00000000dea80000,0x00000000df500000)
 ParOldGen       total 87552K, used 12856K [0x0000000081a00000, 0x0000000086f80000, 0x00000000d5e00000)
  object space 87552K, 14% used [0x0000000081a00000,0x000000008268e380,0x0000000086f80000)
 Metaspace       used 20641K, capacity 21062K, committed 21296K, reserved 1069056K
  class space    used 2486K, capacity 2589K, committed 2688K, reserved 1048576K
}
Event: 4.485 GC heap before
{Heap before GC invocations=6 (full 1):
 PSYoungGen      total 71680K, used 5088K [0x00000000d5e00000, 0x00000000df500000, 0x0000000100000000)
  eden space 66560K, 0% used [0x00000000d5e00000,0x00000000d5e00000,0x00000000d9f00000)
  from space 5120K, 99% used [0x00000000d9f00000,0x00000000da3f8020,0x00000000da400000)
  to   space 10752K, 0% used [0x00000000dea80000,0x00000000dea80000,0x00000000df500000)
 ParOldGen       total 87552K, used 12856K [0x0000000081a00000, 0x0000000086f80000, 0x00000000d5e00000)
  object space 87552K, 14% used [0x0000000081a00000,0x000000008268e380,0x0000000086f80000)
 Metaspace       used 20641K, capacity 21062K, committed 21296K, reserved 1069056K
  class space    used 2486K, capacity 2589K, committed 2688K, reserved 1048576K
Event: 4.625 GC heap after
Heap after GC invocations=6 (full 1):
 PSYoungGen      total 71680K, used 0K [0x00000000d5e00000, 0x00000000df500000, 0x0000000100000000)
  eden space 66560K, 0% used [0x00000000d5e00000,0x00000000d5e00000,0x00000000d9f00000)
  from space 5120K, 0% used [0x00000000d9f00000,0x00000000d9f00000,0x00000000da400000)
  to   space 10752K, 0% used [0x00000000dea80000,0x00000000dea80000,0x00000000df500000)
 ParOldGen       total 73216K, used 12137K [0x0000000081a00000, 0x0000000086180000, 0x00000000d5e00000)
  object space 73216K, 16% used [0x0000000081a00000,0x00000000825da6a0,0x0000000086180000)
 Metaspace       used 20641K, capacity 21062K, committed 21296K, reserved 1069056K
  class space    used 2486K, capacity 2589K, committed 2688K, reserved 1048576K
}
Event: 6.380 GC heap before
{Heap before GC invocations=7 (full 1):
 PSYoungGen      total 71680K, used 66560K [0x00000000d5e00000, 0x00000000df500000, 0x0000000100000000)
  eden space 66560K, 100% used [0x00000000d5e00000,0x00000000d9f00000,0x00000000d9f00000)
  from space 5120K, 0% used [0x00000000d9f00000,0x00000000d9f00000,0x00000000da400000)
  to   space 10752K, 0% used [0x00000000dea80000,0x00000000dea80000,0x00000000df500000)
 ParOldGen       total 73216K, used 12137K [0x0000000081a00000, 0x0000000086180000, 0x00000000d5e00000)
  object space 73216K, 16% used [0x0000000081a00000,0x00000000825da6a0,0x0000000086180000)
 Metaspace       used 25873K, capacity 26492K, committed 26624K, reserved 1073152K
  class space    used 3086K, capacity 3248K, committed 3328K, reserved 1048576K
Event: 6.404 GC heap after
Heap after GC invocations=7 (full 1):
 PSYoungGen      total 99328K, used 10722K [0x00000000d5e00000, 0x00000000df500000, 0x0000000100000000)
  eden space 88576K, 0% used [0x00000000d5e00000,0x00000000d5e00000,0x00000000db480000)
  from space 10752K, 99% used [0x00000000dea80000,0x00000000df4f8ab8,0x00000000df500000)
  to   space 13312K, 0% used [0x00000000ddb00000,0x00000000ddb00000,0x00000000de800000)
 ParOldGen       total 73216K, used 14534K [0x0000000081a00000, 0x0000000086180000, 0x00000000d5e00000)
  object space 73216K, 19% used [0x0000000081a00000,0x0000000082831b90,0x0000000086180000)
 Metaspace       used 25873K, capacity 26492K, committed 26624K, reserved 1073152K
  class space    used 3086K, capacity 3248K, committed 3328K, reserved 1048576K
}
Event: 7.371 GC heap before
{Heap before GC invocations=8 (full 1):
 PSYoungGen      total 99328K, used 99298K [0x00000000d5e00000, 0x00000000df500000, 0x0000000100000000)
  eden space 88576K, 100% used [0x00000000d5e00000,0x00000000db480000,0x00000000db480000)
  from space 10752K, 99% used [0x00000000dea80000,0x00000000df4f8ab8,0x00000000df500000)
  to   space 13312K, 0% used [0x00000000ddb00000,0x00000000ddb00000,0x00000000de800000)
 ParOldGen       total 73216K, used 14534K [0x0000000081a00000, 0x0000000086180000, 0x00000000d5e00000)
  object space 73216K, 19% used [0x0000000081a00000,0x0000000082831b90,0x0000000086180000)
 Metaspace       used 28740K, capacity 29408K, committed 29696K, reserved 1075200K
  class space    used 3392K, capacity 3559K, committed 3584K, reserved 1048576K
Event: 7.404 GC heap after
Heap after GC invocations=8 (full 1):
 PSYoungGen      total 136704K, used 13285K [0x00000000d5e00000, 0x00000000dff80000, 0x0000000100000000)
  eden space 123392K, 0% used [0x00000000d5e00000,0x00000000d5e00000,0x00000000dd680000)
  from space 13312K, 99% used [0x00000000ddb00000,0x00000000de7f9628,0x00000000de800000)
  to   space 20992K, 0% used [0x00000000deb00000,0x00000000deb00000,0x00000000dff80000)
 ParOldGen       total 73216K, used 26458K [0x0000000081a00000, 0x0000000086180000, 0x00000000d5e00000)
  object space 73216K, 36% used [0x0000000081a00000,0x00000000833d68e8,0x0000000086180000)
 Metaspace       used 28740K, capacity 29408K, committed 29696K, reserved 1075200K
  class space    used 3392K, capacity 3559K, committed 3584K, reserved 1048576K
}
Event: 7.921 GC heap before
{Heap before GC invocations=9 (full 1):
 PSYoungGen      total 136704K, used 136677K [0x00000000d5e00000, 0x00000000dff80000, 0x0000000100000000)
  eden space 123392K, 100% used [0x00000000d5e00000,0x00000000dd680000,0x00000000dd680000)
  from space 13312K, 99% used [0x00000000ddb00000,0x00000000de7f9628,0x00000000de800000)
  to   space 20992K, 0% used [0x00000000deb00000,0x00000000deb00000,0x00000000dff80000)
 ParOldGen       total 73216K, used 26458K [0x0000000081a00000, 0x0000000086180000, 0x00000000d5e00000)
  object space 73216K, 36% used [0x0000000081a00000,0x00000000833d68e8,0x0000000086180000)
 Metaspace       used 28754K, capacity 29408K, committed 29696K, reserved 1075200K
  class space    used 3392K, capacity 3559K, committed 3584K, reserved 1048576K
Event: 7.953 GC heap after
Heap after GC invocations=9 (full 1):
 PSYoungGen      total 137216K, used 20987K [0x00000000d5e00000, 0x00000000e4880000, 0x0000000100000000)
  eden space 116224K, 0% used [0x00000000d5e00000,0x00000000d5e00000,0x00000000dcf80000)
  from space 20992K, 99% used [0x00000000deb00000,0x00000000dff7ed60,0x00000000dff80000)
  to   space 28160K, 0% used [0x00000000dcf80000,0x00000000dcf80000,0x00000000deb00000)
 ParOldGen       total 73216K, used 34982K [0x0000000081a00000, 0x0000000086180000, 0x00000000d5e00000)
  object space 73216K, 47% used [0x0000000081a00000,0x0000000083c29888,0x0000000086180000)
 Metaspace       used 28754K, capacity 29408K, committed 29696K, reserved 1075200K
  class space    used 3392K, capacity 3559K, committed 3584K, reserved 1048576K
}

