# JRE version: Java(TM) SE Runtime Environment (8.0_101-b13) (build 1.8.0_101-b13)
# Java VM: Java HotSpot(TM) 64-Bit Server VM (25.101-b13 mixed mode windows-amd64 compressed oops)
Heap:
 PSYoungGen      total 210432K, used 49905K [0x00000000d5e00000, 0x00000000e4f80000, 0x0000000100000000)
  eden space 175616K, 28% used [0x00000000d5e00000,0x00000000d8ebc5c8,0x00000000e0980000)
  from space 34816K, 0% used [0x00000000e2d80000,0x00000000e2d80000,0x00000000e4f80000)
  to   space 35840K, 0% used [0x00000000e0980000,0x00000000e0980000,0x00000000e2c80000)
 ParOldGen       total 66560K, used 48254K [0x0000000081a00000, 0x0000000085b00000, 0x00000000d5e00000)
  object space 66560K, 72% used [0x0000000081a00000,0x000000008491f910,0x0000000085b00000)
 Metaspace       used 46720K, capacity 47566K, committed 47872K, reserved 1091584K
  class space    used 5594K, capacity 5843K, committed 5888K, reserved 1048576K
GC Heap History (10 events):
Event: 12.714 GC heap before
{Heap before GC invocations=11 (full 2):
 PSYoungGen      total 141312K, used 13290K [0x00000000d5e00000, 0x00000000e5000000, 0x0000000100000000)
  eden space 128000K, 0% used [0x00000000d5e00000,0x00000000d5e00000,0x00000000ddb00000)
  from space 13312K, 99% used [0x00000000ddb00000,0x00000000de7fabc0,0x00000000de800000)
  to   space 35328K, 0% used [0x00000000e2d80000,0x00000000e2d80000,0x00000000e5000000)
 ParOldGen       total 66560K, used 56682K [0x0000000081a00000, 0x0000000085b00000, 0x00000000d5e00000)
  object space 66560K, 85% used [0x0000000081a00000,0x000000008515a9d8,0x0000000085b00000)
 Metaspace       used 28834K, capacity 29604K, committed 29824K, reserved 1075200K
  class space    used 3399K, capacity 3623K, committed 3712K, reserved 1048576K
Event: 12.842 GC heap after
Heap after GC invocations=11 (full 2):
 PSYoungGen      total 141312K, used 0K [0x00000000d5e00000, 0x00000000e5000000, 0x0000000100000000)
  eden space 128000K, 0% used [0x00000000d5e00000,0x00000000d5e00000,0x00000000ddb00000)
  from space 13312K, 0% used [0x00000000ddb00000,0x00000000ddb00000,0x00000000de800000)
  to   space 35328K, 0% used [0x00000000e2d80000,0x00000000e2d80000,0x00000000e5000000)
 ParOldGen       total 66560K, used 46451K [0x0000000081a00000, 0x0000000085b00000, 0x00000000d5e00000)
  object space 66560K, 69% used [0x0000000081a00000,0x000000008475cc40,0x0000000085b00000)
 Metaspace       used 28834K, capacity 29604K, committed 29824K, reserved 1075200K
  class space    used 3399K, capacity 3623K, committed 3712K, reserved 1048576K
}
Event: 13.410 GC heap before
{Heap before GC invocations=12 (full 2):
 PSYoungGen      total 141312K, used 128000K [0x00000000d5e00000, 0x00000000e5000000, 0x0000000100000000)
  eden space 128000K, 100% used [0x00000000d5e00000,0x00000000ddb00000,0x00000000ddb00000)
  from space 13312K, 0% used [0x00000000ddb00000,0x00000000ddb00000,0x00000000de800000)
  to   space 35328K, 0% used [0x00000000e2d80000,0x00000000e2d80000,0x00000000e5000000)
 ParOldGen       total 66560K, used 46451K [0x0000000081a00000, 0x0000000085b00000, 0x00000000d5e00000)
  object space 66560K, 69% used [0x0000000081a00000,0x000000008475cc40,0x0000000085b00000)
 Metaspace       used 28845K, capacity 29614K, committed 29824K, reserved 1075200K
  class space    used 3402K, capacity 3625K, committed 3712K, reserved 1048576K
Event: 13.436 GC heap after
Heap after GC invocations=12 (full 2):
 PSYoungGen      total 210432K, used 22101K [0x00000000d5e00000, 0x00000000e4f80000, 0x0000000100000000)
  eden space 175616K, 0% used [0x00000000d5e00000,0x00000000d5e00000,0x00000000e0980000)
  from space 34816K, 63% used [0x00000000e2d80000,0x00000000e4315798,0x00000000e4f80000)
  to   space 35840K, 0% used [0x00000000e0980000,0x00000000e0980000,0x00000000e2c80000)
 ParOldGen       total 66560K, used 46451K [0x0000000081a00000, 0x0000000085b00000, 0x00000000d5e00000)
  object space 66560K, 69% used [0x0000000081a00000,0x000000008475cc40,0x0000000085b00000)
 Metaspace       used 28845K, capacity 29614K, committed 29824K, reserved 1075200K
  class space    used 3402K, capacity 3625K, committed 3712K, reserved 1048576K
}
Event: 14.278 GC heap before
{Heap before GC invocations=13 (full 2):
 PSYoungGen      total 210432K, used 197717K [0x00000000d5e00000, 0x00000000e4f80000, 0x0000000100000000)
  eden space 175616K, 100% used [0x00000000d5e00000,0x00000000e0980000,0x00000000e0980000)
  from space 34816K, 63% used [0x00000000e2d80000,0x00000000e4315798,0x00000000e4f80000)
  to   space 35840K, 0% used [0x00000000e0980000,0x00000000e0980000,0x00000000e2c80000)
 ParOldGen       total 66560K, used 46451K [0x0000000081a00000, 0x0000000085b00000, 0x00000000d5e00000)
  object space 66560K, 69% used [0x0000000081a00000,0x000000008475cc40,0x0000000085b00000)
 Metaspace       used 29432K, capacity 30162K, committed 30336K, reserved 1075200K
  class space    used 3470K, capacity 3661K, committed 3712K, reserved 1048576K
Event: 14.312 GC heap after
Heap after GC invocations=13 (full 2):
 PSYoungGen      total 211456K, used 25285K [0x00000000d5e00000, 0x00000000e4f80000, 0x0000000100000000)
  eden space 175616K, 0% used [0x00000000d5e00000,0x00000000d5e00000,0x00000000e0980000)
  from space 35840K, 70% used [0x00000000e0980000,0x00000000e22314b0,0x00000000e2c80000)
  to   space 34816K, 0% used [0x00000000e2d80000,0x00000000e2d80000,0x00000000e4f80000)
 ParOldGen       total 66560K, used 49318K [0x0000000081a00000, 0x0000000085b00000, 0x00000000d5e00000)
  object space 66560K, 74% used [0x0000000081a00000,0x0000000084a29988,0x0000000085b00000)
 Metaspace       used 29432K, capacity 30162K, committed 30336K, reserved 1075200K
  class space    used 3470K, capacity 3661K, committed 3712K, reserved 1048576K
}
Event: 26.833 GC heap before
{Heap before GC invocations=14 (full 2):
 PSYoungGen      total 211456K, used 200901K [0x00000000d5e00000, 0x00000000e4f80000, 0x0000000100000000)
  eden space 175616K, 100% used [0x00000000d5e00000,0x00000000e0980000,0x00000000e0980000)
  from space 35840K, 70% used [0x00000000e0980000,0x00000000e22314b0,0x00000000e2c80000)
  to   space 34816K, 0% used [0x00000000e2d80000,0x00000000e2d80000,0x00000000e4f80000)
 ParOldGen       total 66560K, used 49318K [0x0000000081a00000, 0x0000000085b00000, 0x00000000d5e00000)
  object space 66560K, 74% used [0x0000000081a00000,0x0000000084a29988,0x0000000085b00000)
 Metaspace       used 45928K, capacity 46798K, committed 47104K, reserved 1091584K
  class space    used 5494K, capacity 5779K, committed 5888K, reserved 1048576K
Event: 26.853 GC heap after
Heap after GC invocations=14 (full 2):
 PSYoungGen      total 210432K, used 19857K [0x00000000d5e00000, 0x00000000e4f80000, 0x0000000100000000)
  eden space 175616K, 0% used [0x00000000d5e00000,0x00000000d5e00000,0x00000000e0980000)
  from space 34816K, 57% used [0x00000000e2d80000,0x00000000e40e4428,0x00000000e4f80000)
  to   space 35840K, 0% used [0x00000000e0980000,0x00000000e0980000,0x00000000e2c80000)
 ParOldGen       total 66560K, used 55211K [0x0000000081a00000, 0x0000000085b00000, 0x00000000d5e00000)
  object space 66560K, 82% used [0x0000000081a00000,0x0000000084feac68,0x0000000085b00000)
 Metaspace       used 45928K, capacity 46798K, committed 47104K, reserved 1091584K
  class space    used 5494K, capacity 5779K, committed 5888K, reserved 1048576K
}
Event: 26.853 GC heap before
{Heap before GC invocations=15 (full 3):
 PSYoungGen      total 210432K, used 19857K [0x00000000d5e00000, 0x00000000e4f80000, 0x0000000100000000)
  eden space 175616K, 0% used [0x00000000d5e00000,0x00000000d5e00000,0x00000000e0980000)
  from space 34816K, 57% used [0x00000000e2d80000,0x00000000e40e4428,0x00000000e4f80000)
  to   space 35840K, 0% used [0x00000000e0980000,0x00000000e0980000,0x00000000e2c80000)
 ParOldGen       total 66560K, used 55211K [0x0000000081a00000, 0x0000000085b00000, 0x00000000d5e00000)
  object space 66560K, 82% used [0x0000000081a00000,0x0000000084feac68,0x0000000085b00000)
 Metaspace       used 45928K, capacity 46798K, committed 47104K, reserved 1091584K
  class space    used 5494K, capacity 5779K, committed 5888K, reserved 1048576K
Event: 27.093 GC heap after
Heap after GC invocations=15 (full 3):
 PSYoungGen      total 210432K, used 0K [0x00000000d5e00000, 0x00000000e4f80000, 0x0000000100000000)
  eden space 175616K, 0% used [0x00000000d5e00000,0x00000000d5e00000,0x00000000e0980000)
  from space 34816K, 0% used [0x00000000e2d80000,0x00000000e2d80000,0x00000000e4f80000)
  to   space 35840K, 0% used [0x00000000e0980000,0x00000000e0980000,0x00000000e2c80000)
 ParOldGen       total 66560K, used 48254K [0x0000000081a00000, 0x0000000085b00000, 0x00000000d5e00000)
  object space 66560K, 72% used [0x0000000081a00000,0x000000008491f910,0x0000000085b00000)
 Metaspace       used 45928K, capacity 46798K, committed 47104K, reserved 1091584K
  class space    used 5494K, capacity 5779K, committed 5888K, reserved 1048576K
}

