# JRE version: Java(TM) SE Runtime Environment (8.0_101-b13) (build 1.8.0_101-b13)
# Java VM: Java HotSpot(TM) 64-Bit Server VM (25.101-b13 mixed mode windows-amd64 compressed oops)
Heap:
 PSYoungGen      total 224256K, used 76339K [0x00000000d5e00000, 0x00000000e9300000, 0x0000000100000000)
  eden space 190976K, 28% used [0x00000000d5e00000,0x00000000d93b85b8,0x00000000e1880000)
  from space 33280K, 64% used [0x00000000e1880000,0x00000000e2d548c8,0x00000000e3900000)
  to   space 33280K, 0% used [0x00000000e7280000,0x00000000e7280000,0x00000000e9300000)
 ParOldGen       total 128512K, used 39210K [0x0000000081a00000, 0x0000000089780000, 0x00000000d5e00000)
  object space 128512K, 30% used [0x0000000081a00000,0x000000008404a8c0,0x0000000089780000)
 Metaspace       used 52572K, capacity 53370K, committed 53760K, reserved 1097728K
  class space    used 6165K, capacity 6389K, committed 6400K, reserved 1048576K
GC Heap History (10 events):
Event: 8.637 GC heap before
{Heap before GC invocations=11 (full 1):
 PSYoungGen      total 141824K, used 139429K [0x00000000d5e00000, 0x00000000e2980000, 0x0000000100000000)
  eden space 114688K, 100% used [0x00000000d5e00000,0x00000000dce00000,0x00000000dce00000)
  from space 27136K, 91% used [0x00000000dce00000,0x00000000de629588,0x00000000de880000)
  to   space 30208K, 0% used [0x00000000e0c00000,0x00000000e0c00000,0x00000000e2980000)
 ParOldGen       total 72704K, used 42186K [0x0000000081a00000, 0x0000000086100000, 0x00000000d5e00000)
  object space 72704K, 58% used [0x0000000081a00000,0x00000000843329e8,0x0000000086100000)
 Metaspace       used 28841K, capacity 29486K, committed 29696K, reserved 1075200K
  class space    used 3398K, capacity 3561K, committed 3584K, reserved 1048576K
Event: 8.671 GC heap after
Heap after GC invocations=11 (full 1):
 PSYoungGen      total 176128K, used 24085K [0x00000000d5e00000, 0x00000000e3200000, 0x0000000100000000)
  eden space 145920K, 0% used [0x00000000d5e00000,0x00000000d5e00000,0x00000000dec80000)
  from space 30208K, 79% used [0x00000000e0c00000,0x00000000e23857a0,0x00000000e2980000)
  to   space 32256K, 0% used [0x00000000dec80000,0x00000000dec80000,0x00000000e0c00000)
 ParOldGen       total 72704K, used 43952K [0x0000000081a00000, 0x0000000086100000, 0x00000000d5e00000)
  object space 72704K, 60% used [0x0000000081a00000,0x00000000844ec118,0x0000000086100000)
 Metaspace       used 28841K, capacity 29486K, committed 29696K, reserved 1075200K
  class space    used 3398K, capacity 3561K, committed 3584K, reserved 1048576K
}
Event: 9.187 GC heap before
{Heap before GC invocations=12 (full 1):
 PSYoungGen      total 176128K, used 170005K [0x00000000d5e00000, 0x00000000e3200000, 0x0000000100000000)
  eden space 145920K, 100% used [0x00000000d5e00000,0x00000000dec80000,0x00000000dec80000)
  from space 30208K, 79% used [0x00000000e0c00000,0x00000000e23857a0,0x00000000e2980000)
  to   space 32256K, 0% used [0x00000000dec80000,0x00000000dec80000,0x00000000e0c00000)
 ParOldGen       total 72704K, used 43952K [0x0000000081a00000, 0x0000000086100000, 0x00000000d5e00000)
  object space 72704K, 60% used [0x0000000081a00000,0x00000000844ec118,0x0000000086100000)
 Metaspace       used 28846K, capacity 29486K, committed 29696K, reserved 1075200K
  class space    used 3399K, capacity 3561K, committed 3584K, reserved 1048576K
Event: 9.211 GC heap after
Heap after GC invocations=12 (full 1):
 PSYoungGen      total 178176K, used 26448K [0x00000000d5e00000, 0x00000000e5f80000, 0x0000000100000000)
  eden space 145920K, 0% used [0x00000000d5e00000,0x00000000d5e00000,0x00000000dec80000)
  from space 32256K, 81% used [0x00000000dec80000,0x00000000e06542a0,0x00000000e0c00000)
  to   space 34816K, 0% used [0x00000000e3d80000,0x00000000e3d80000,0x00000000e5f80000)
 ParOldGen       total 72704K, used 47547K [0x0000000081a00000, 0x0000000086100000, 0x00000000d5e00000)
  object space 72704K, 65% used [0x0000000081a00000,0x000000008486ed00,0x0000000086100000)
 Metaspace       used 28846K, capacity 29486K, committed 29696K, reserved 1075200K
  class space    used 3399K, capacity 3561K, committed 3584K, reserved 1048576K
}
Event: 10.085 GC heap before
{Heap before GC invocations=13 (full 1):
 PSYoungGen      total 178176K, used 139598K [0x00000000d5e00000, 0x00000000e5f80000, 0x0000000100000000)
  eden space 145920K, 77% used [0x00000000d5e00000,0x00000000dcc7f808,0x00000000dec80000)
  from space 32256K, 81% used [0x00000000dec80000,0x00000000e06542a0,0x00000000e0c00000)
  to   space 34816K, 0% used [0x00000000e3d80000,0x00000000e3d80000,0x00000000e5f80000)
 ParOldGen       total 72704K, used 47547K [0x0000000081a00000, 0x0000000086100000, 0x00000000d5e00000)
  object space 72704K, 65% used [0x0000000081a00000,0x000000008486ed00,0x0000000086100000)
 Metaspace       used 34489K, capacity 35266K, committed 35496K, reserved 1081344K
  class space    used 4082K, capacity 4313K, committed 4352K, reserved 1048576K
Event: 10.106 GC heap after
Heap after GC invocations=13 (full 1):
 PSYoungGen      total 219648K, used 15207K [0x00000000d5e00000, 0x00000000e5980000, 0x0000000100000000)
  eden space 190976K, 0% used [0x00000000d5e00000,0x00000000d5e00000,0x00000000e1880000)
  from space 28672K, 53% used [0x00000000e3d80000,0x00000000e4c59c18,0x00000000e5980000)
  to   space 33280K, 0% used [0x00000000e1880000,0x00000000e1880000,0x00000000e3900000)
 ParOldGen       total 72704K, used 49676K [0x0000000081a00000, 0x0000000086100000, 0x00000000d5e00000)
  object space 72704K, 68% used [0x0000000081a00000,0x0000000084a831a0,0x0000000086100000)
 Metaspace       used 34489K, capacity 35266K, committed 35496K, reserved 1081344K
  class space    used 4082K, capacity 4313K, committed 4352K, reserved 1048576K
}
Event: 10.106 GC heap before
{Heap before GC invocations=14 (full 2):
 PSYoungGen      total 219648K, used 15207K [0x00000000d5e00000, 0x00000000e5980000, 0x0000000100000000)
  eden space 190976K, 0% used [0x00000000d5e00000,0x00000000d5e00000,0x00000000e1880000)
  from space 28672K, 53% used [0x00000000e3d80000,0x00000000e4c59c18,0x00000000e5980000)
  to   space 33280K, 0% used [0x00000000e1880000,0x00000000e1880000,0x00000000e3900000)
 ParOldGen       total 72704K, used 49676K [0x0000000081a00000, 0x0000000086100000, 0x00000000d5e00000)
  object space 72704K, 68% used [0x0000000081a00000,0x0000000084a831a0,0x0000000086100000)
 Metaspace       used 34489K, capacity 35266K, committed 35496K, reserved 1081344K
  class space    used 4082K, capacity 4313K, committed 4352K, reserved 1048576K
Event: 10.223 GC heap after
Heap after GC invocations=14 (full 2):
 PSYoungGen      total 219648K, used 0K [0x00000000d5e00000, 0x00000000e5980000, 0x0000000100000000)
  eden space 190976K, 0% used [0x00000000d5e00000,0x00000000d5e00000,0x00000000e1880000)
  from space 28672K, 0% used [0x00000000e3d80000,0x00000000e3d80000,0x00000000e5980000)
  to   space 33280K, 0% used [0x00000000e1880000,0x00000000e1880000,0x00000000e3900000)
 ParOldGen       total 128512K, used 39202K [0x0000000081a00000, 0x0000000089780000, 0x00000000d5e00000)
  object space 128512K, 30% used [0x0000000081a00000,0x00000000840488c0,0x0000000089780000)
 Metaspace       used 34489K, capacity 35266K, committed 35496K, reserved 1081344K
  class space    used 4082K, capacity 4313K, committed 4352K, reserved 1048576K
}
Event: 188.171 GC heap before
{Heap before GC invocations=15 (full 2):
 PSYoungGen      total 219648K, used 190976K [0x00000000d5e00000, 0x00000000e5980000, 0x0000000100000000)
  eden space 190976K, 100% used [0x00000000d5e00000,0x00000000e1880000,0x00000000e1880000)
  from space 28672K, 0% used [0x00000000e3d80000,0x00000000e3d80000,0x00000000e5980000)
  to   space 33280K, 0% used [0x00000000e1880000,0x00000000e1880000,0x00000000e3900000)
 ParOldGen       total 128512K, used 39202K [0x0000000081a00000, 0x0000000089780000, 0x00000000d5e00000)
  object space 128512K, 30% used [0x0000000081a00000,0x00000000840488c0,0x0000000089780000)
 Metaspace       used 48371K, capacity 49140K, committed 49536K, reserved 1093632K
  class space    used 5799K, capacity 6004K, committed 6016K, reserved 1048576K
Event: 188.323 GC heap after
Heap after GC invocations=15 (full 2):
 PSYoungGen      total 224256K, used 21330K [0x00000000d5e00000, 0x00000000e9300000, 0x0000000100000000)
  eden space 190976K, 0% used [0x00000000d5e00000,0x00000000d5e00000,0x00000000e1880000)
  from space 33280K, 64% used [0x00000000e1880000,0x00000000e2d548c8,0x00000000e3900000)
  to   space 33280K, 0% used [0x00000000e7280000,0x00000000e7280000,0x00000000e9300000)
 ParOldGen       total 128512K, used 39210K [0x0000000081a00000, 0x0000000089780000, 0x00000000d5e00000)
  object space 128512K, 30% used [0x0000000081a00000,0x000000008404a8c0,0x0000000089780000)
 Metaspace       used 48371K, capacity 49140K, committed 49536K, reserved 1093632K
  class space    used 5799K, capacity 6004K, committed 6016K, reserved 1048576K
}

